<?xml version="1.0" encoding="UTF-8"?>
<testng-results ignored="0" total="2" passed="2" failed="0" skipped="0">
  <reporter-output>
  </reporter-output>
  <suite started-at="2025-02-09T14:54:04 IST" name="Master Suite" finished-at="2025-02-09T14:54:19 IST" duration-ms="14983">
    <groups>
      <group name="Master">
        <method signature="TC_001_AccountRegistrationTest.verify_account_registration()[pri:0, instance:testCases.TC_001_AccountRegistrationTest@6ed3f258]" name="verify_account_registration" class="testCases.TC_001_AccountRegistrationTest"/>
        <method signature="TC_002_LoginTest.verify_LoginTest()[pri:0, instance:testCases.TC_002_LoginTest@41709512]" name="verify_LoginTest" class="testCases.TC_002_LoginTest"/>
      </group> <!-- Master -->
      <group name="Sanity">
        <method signature="TC_002_LoginTest.verify_LoginTest()[pri:0, instance:testCases.TC_002_LoginTest@41709512]" name="verify_LoginTest" class="testCases.TC_002_LoginTest"/>
      </group> <!-- Sanity -->
      <group name="Regression">
        <method signature="TC_001_AccountRegistrationTest.verify_account_registration()[pri:0, instance:testCases.TC_001_AccountRegistrationTest@6ed3f258]" name="verify_account_registration" class="testCases.TC_001_AccountRegistrationTest"/>
      </group> <!-- Regression -->
    </groups>
    <test started-at="2025-02-09T14:54:04 IST" name="Test" finished-at="2025-02-09T14:54:19 IST" duration-ms="14983">
      <class name="testCases.TC_001_AccountRegistrationTest">
        <test-method is-config="true" signature="setUp(java.lang.String,java.lang.String)[pri:0, instance:testCases.TC_001_AccountRegistrationTest@6ed3f258]" started-at="2025-02-09T14:54:04 IST" name="setUp" finished-at="2025-02-09T14:54:07 IST" duration-ms="3305" status="PASS">
          <params>
            <param index="0">
              <value>
                <![CDATA[chrome]]>
              </value>
            </param>
            <param index="1">
              <value>
                <![CDATA[windows]]>
              </value>
            </param>
          </params>
          <reporter-output>
          </reporter-output>
        </test-method> <!-- setUp -->
        <test-method signature="verify_account_registration()[pri:0, instance:testCases.TC_001_AccountRegistrationTest@6ed3f258]" started-at="2025-02-09T14:54:07 IST" name="verify_account_registration" finished-at="2025-02-09T14:54:09 IST" duration-ms="2247" status="PASS">
          <reporter-output>
          </reporter-output>
        </test-method> <!-- verify_account_registration -->
        <test-method is-config="true" signature="tearDown()[pri:0, instance:testCases.TC_001_AccountRegistrationTest@6ed3f258]" started-at="2025-02-09T14:54:09 IST" name="tearDown" finished-at="2025-02-09T14:54:10 IST" duration-ms="253" status="PASS">
          <reporter-output>
          </reporter-output>
        </test-method> <!-- tearDown -->
      </class> <!-- testCases.TC_001_AccountRegistrationTest -->
      <class name="testCases.TC_002_LoginTest">
        <test-method is-config="true" signature="setUp(java.lang.String,java.lang.String)[pri:0, instance:testCases.TC_002_LoginTest@41709512]" started-at="2025-02-09T14:54:10 IST" name="setUp" finished-at="2025-02-09T14:54:12 IST" duration-ms="1965" status="PASS">
          <params>
            <param index="0">
              <value>
                <![CDATA[chrome]]>
              </value>
            </param>
            <param index="1">
              <value>
                <![CDATA[windows]]>
              </value>
            </param>
          </params>
          <reporter-output>
          </reporter-output>
        </test-method> <!-- setUp -->
        <test-method signature="verify_LoginTest()[pri:0, instance:testCases.TC_002_LoginTest@41709512]" started-at="2025-02-09T14:54:12 IST" name="verify_LoginTest" finished-at="2025-02-09T14:54:18 IST" duration-ms="6739" status="PASS">
          <reporter-output>
          </reporter-output>
        </test-method> <!-- verify_LoginTest -->
        <test-method is-config="true" signature="tearDown()[pri:0, instance:testCases.TC_002_LoginTest@41709512]" started-at="2025-02-09T14:54:18 IST" name="tearDown" finished-at="2025-02-09T14:54:19 IST" duration-ms="206" status="PASS">
          <reporter-output>
          </reporter-output>
        </test-method> <!-- tearDown -->
      </class> <!-- testCases.TC_002_LoginTest -->
    </test> <!-- Test -->
  </suite> <!-- Master Suite -->
</testng-results>
